c:\dev\dymatic - latest\bin-int\debug-windows-x86_64\dymatic\dymatic.pch
c:\dev\dymatic - latest\bin-int\debug-windows-x86_64\dymatic\dymatic.pdb
c:\dev\dymatic - latest\bin-int\debug-windows-x86_64\dymatic\dymatic.idb
c:\dev\dymatic - latest\bin-int\debug-windows-x86_64\dymatic\dypch.obj
c:\dev\dymatic - latest\bin-int\debug-windows-x86_64\dymatic\windowswindow.obj
c:\dev\dymatic - latest\bin-int\debug-windows-x86_64\dymatic\windowsinput.obj
c:\dev\dymatic - latest\bin-int\debug-windows-x86_64\dymatic\log.obj
c:\dev\dymatic - latest\bin-int\debug-windows-x86_64\dymatic\layerstack.obj
c:\dev\dymatic - latest\bin-int\debug-windows-x86_64\dymatic\layer.obj
c:\dev\dymatic - latest\bin-int\debug-windows-x86_64\dymatic\imguilayer.obj
c:\dev\dymatic - latest\bin-int\debug-windows-x86_64\dymatic\imguibuild.obj
c:\dev\dymatic - latest\bin-int\debug-windows-x86_64\dymatic\application.obj
c:\dev\dymatic - latest\bin\debug-windows-x86_64\dymatic\dymatic.lib
c:\dev\dymatic - latest\dymatic\..\bin\debug-windows-x86_64\dymatic\dymatic.lib
c:\dev\dymatic - latest\bin-int\debug-windows-x86_64\dymatic\dymatic.tlog\cl.command.1.tlog
c:\dev\dymatic - latest\bin-int\debug-windows-x86_64\dymatic\dymatic.tlog\cl.read.1.tlog
c:\dev\dymatic - latest\bin-int\debug-windows-x86_64\dymatic\dymatic.tlog\cl.write.1.tlog
c:\dev\dymatic - latest\bin-int\debug-windows-x86_64\dymatic\dymatic.tlog\lib-link.read.1.tlog
c:\dev\dymatic - latest\bin-int\debug-windows-x86_64\dymatic\dymatic.tlog\lib-link.write.1.tlog
c:\dev\dymatic - latest\bin-int\debug-windows-x86_64\dymatic\dymatic.tlog\lib.command.1.tlog
